0 info it worked if it ends with ok
1 verbose cli [ 'C:\\Program Files\\nodejs\\\\node.exe',
1 verbose cli   'C:\\Program Files\\nodejs\\node_modules\\npm\\bin\\npm-cli.js',
1 verbose cli   'publish' ]
2 info using npm@1.1.63
3 info using node@v0.8.12
4 verbose node symlink C:\Program Files\nodejs\\node.exe
5 verbose publish [ '.' ]
6 verbose read json D:\workspace\starter\package.json
7 warn package.json starter@1.0.0 No README.md file found!
8 verbose cache add [ '.', null ]
9 silly cache add name=undefined spec="." args=[".",null]
10 verbose parsed url { pathname: '.', path: '.', href: '.' }
11 silly lockFile 3a52ce78- .
12 verbose lock . C:\Users\Anoop\AppData\Roaming\npm-cache\3a52ce78-.lock
13 verbose read json package.json
14 verbose tar pack [ 'C:\\Users\\Anoop\\AppData\\Local\\Temp\\npm-9864\\1370533073910-0.8514151242561638\\tmp.tgz',
14 verbose tar pack   '.' ]
15 verbose tarball C:\Users\Anoop\AppData\Local\Temp\npm-9864\1370533073910-0.8514151242561638\tmp.tgz
16 verbose folder .
17 info prepublish starter@1.0.0
18 silly lockFile 33a85195-73910-0-8514151242561638-tmp-tgz C:\Users\Anoop\AppData\Local\Temp\npm-9864\1370533073910-0.8514151242561638\tmp.tgz
19 verbose lock C:\Users\Anoop\AppData\Local\Temp\npm-9864\1370533073910-0.8514151242561638\tmp.tgz C:\Users\Anoop\AppData\Roaming\npm-cache\33a85195-73910-0-8514151242561638-tmp-tgz.lock
20 silly lockFile 33a85195-73910-0-8514151242561638-tmp-tgz C:\Users\Anoop\AppData\Local\Temp\npm-9864\1370533073910-0.8514151242561638\tmp.tgz
21 verbose tar unpack C:\Users\Anoop\AppData\Local\Temp\npm-9864\1370533073910-0.8514151242561638\tmp.tgz
22 silly lockFile 6a33c2ea-73910-0-8514151242561638-package C:\Users\Anoop\AppData\Local\Temp\npm-9864\1370533073910-0.8514151242561638\package
23 verbose lock C:\Users\Anoop\AppData\Local\Temp\npm-9864\1370533073910-0.8514151242561638\package C:\Users\Anoop\AppData\Roaming\npm-cache\6a33c2ea-73910-0-8514151242561638-package.lock
24 silly gunzTarPerm modes [ '755', '644' ]
25 silly gunzTarPerm extractEntry package.json
26 silly gunzTarPerm modified mode [ 'package.json', 438, 420 ]
27 silly gunzTarPerm extractEntry .npmignore
28 silly gunzTarPerm modified mode [ '.npmignore', 438, 420 ]
29 silly gunzTarPerm extractEntry README.md
30 silly gunzTarPerm modified mode [ 'README.md', 438, 420 ]
31 silly gunzTarPerm extractEntry index.js
32 silly gunzTarPerm modified mode [ 'index.js', 438, 420 ]
33 silly gunzTarPerm extractEntry web.js
34 silly gunzTarPerm modified mode [ 'web.js', 438, 420 ]
35 verbose read json C:\Users\Anoop\AppData\Local\Temp\npm-9864\1370533073910-0.8514151242561638\package\package.json
36 silly lockFile 6a33c2ea-73910-0-8514151242561638-package C:\Users\Anoop\AppData\Local\Temp\npm-9864\1370533073910-0.8514151242561638\package
37 verbose from cache C:\Users\Anoop\AppData\Local\Temp\npm-9864\1370533073910-0.8514151242561638\package\package.json
38 verbose tar pack [ 'C:\\Users\\Anoop\\AppData\\Roaming\\npm-cache\\starter\\1.0.0\\package.tgz',
38 verbose tar pack   'C:\\Users\\Anoop\\AppData\\Local\\Temp\\npm-9864\\1370533073910-0.8514151242561638\\package' ]
39 verbose tarball C:\Users\Anoop\AppData\Roaming\npm-cache\starter\1.0.0\package.tgz
40 verbose folder C:\Users\Anoop\AppData\Local\Temp\npm-9864\1370533073910-0.8514151242561638\package
41 silly lockFile 00fcd2b6--cache-starter-1-0-0-package-tgz C:\Users\Anoop\AppData\Roaming\npm-cache\starter\1.0.0\package.tgz
42 verbose lock C:\Users\Anoop\AppData\Roaming\npm-cache\starter\1.0.0\package.tgz C:\Users\Anoop\AppData\Roaming\npm-cache\00fcd2b6--cache-starter-1-0-0-package-tgz.lock
43 silly lockFile 00fcd2b6--cache-starter-1-0-0-package-tgz C:\Users\Anoop\AppData\Roaming\npm-cache\starter\1.0.0\package.tgz
44 silly lockFile 1eda4f45--npm-cache-starter-1-0-0-package C:\Users\Anoop\AppData\Roaming\npm-cache\starter\1.0.0\package
45 verbose lock C:\Users\Anoop\AppData\Roaming\npm-cache\starter\1.0.0\package C:\Users\Anoop\AppData\Roaming\npm-cache\1eda4f45--npm-cache-starter-1-0-0-package.lock
46 silly lockFile 1eda4f45--npm-cache-starter-1-0-0-package C:\Users\Anoop\AppData\Roaming\npm-cache\starter\1.0.0\package
47 verbose tar unpack C:\Users\Anoop\AppData\Roaming\npm-cache\starter\1.0.0\package.tgz
48 silly lockFile 1eda4f45--npm-cache-starter-1-0-0-package C:\Users\Anoop\AppData\Roaming\npm-cache\starter\1.0.0\package
49 verbose lock C:\Users\Anoop\AppData\Roaming\npm-cache\starter\1.0.0\package C:\Users\Anoop\AppData\Roaming\npm-cache\1eda4f45--npm-cache-starter-1-0-0-package.lock
50 silly gunzTarPerm modes [ '755', '644' ]
51 silly gunzTarPerm extractEntry package.json
52 silly gunzTarPerm modified mode [ 'package.json', 438, 420 ]
53 silly gunzTarPerm extractEntry .npmignore
54 silly gunzTarPerm modified mode [ '.npmignore', 438, 420 ]
55 silly gunzTarPerm extractEntry README.md
56 silly gunzTarPerm modified mode [ 'README.md', 438, 420 ]
57 silly gunzTarPerm extractEntry index.js
58 silly gunzTarPerm modified mode [ 'index.js', 438, 420 ]
59 silly gunzTarPerm extractEntry web.js
60 silly gunzTarPerm modified mode [ 'web.js', 438, 420 ]
61 verbose read json C:\Users\Anoop\AppData\Roaming\npm-cache\starter\1.0.0\package\package.json
62 silly lockFile 1eda4f45--npm-cache-starter-1-0-0-package C:\Users\Anoop\AppData\Roaming\npm-cache\starter\1.0.0\package
63 silly shasum updated bytes 1268
64 info shasum 42b833fda9bd7c955a8f0b2081e9df654d25191e
64 info shasum C:\Users\Anoop\AppData\Roaming\npm-cache\starter\1.0.0\package.tgz
65 verbose from cache C:\Users\Anoop\AppData\Roaming\npm-cache\starter\1.0.0\package\package.json
66 verbose chmod C:\Users\Anoop\AppData\Roaming\npm-cache\starter\1.0.0\package.tgz 644
67 silly chown skipping for windows C:\Users\Anoop\AppData\Roaming\npm-cache\starter\1.0.0\package.tgz
68 silly lockFile 3a52ce78- .
69 silly publish { name: 'starter',
69 silly publish   version: '1.0.0',
69 silly publish   description: 'Server for nodejs',
69 silly publish   homepage: 'https://github.com/anoopchaurasia/starter',
69 silly publish   keywords: [ 'javascript', 'file', 'manager', 'util', 'browser' ],
69 silly publish   repository:
69 silly publish    { type: 'git',
69 silly publish      url: 'https://github.com/anoopchaurasia/starter' },
69 silly publish   author: { name: 'anoop', email: 'anoop26667@gmail.com' },
69 silly publish   dependencies: { jsfm: '~1.0.2' },
69 silly publish   main: 'index.js',
69 silly publish   readme: 'ERROR: No README.md file found!',
69 silly publish   _id: 'starter@1.0.0',
69 silly publish   dist: { shasum: '42b833fda9bd7c955a8f0b2081e9df654d25191e' } }
70 verbose url raw starter
71 verbose url resolving [ 'https://registry.npmjs.org/', './starter' ]
72 verbose url resolved https://registry.npmjs.org/starter
73 info trying registry request attempt 1 at 21:07:53
74 http PUT https://registry.npmjs.org/starter
75 http 409 https://registry.npmjs.org/starter
76 verbose url raw starter
77 verbose url resolving [ 'https://registry.npmjs.org/', './starter' ]
78 verbose url resolved https://registry.npmjs.org/starter
79 info trying registry request attempt 1 at 21:07:55
80 http GET https://registry.npmjs.org/starter
81 http 200 https://registry.npmjs.org/starter
82 verbose url raw starter/1.0.0/-tag/latest
83 verbose url resolving [ 'https://registry.npmjs.org/', './starter/1.0.0/-tag/latest' ]
84 verbose url resolved https://registry.npmjs.org/starter/1.0.0/-tag/latest
85 info trying registry request attempt 1 at 21:07:57
86 http PUT https://registry.npmjs.org/starter/1.0.0/-tag/latest
87 http 403 https://registry.npmjs.org/starter/1.0.0/-tag/latest
88 error publish Error sending version data
89 error Error: forbidden user: anoop_chaurasia not authorized to modify starter
89 error Changed: description "Minimalist tool for cluster management" -> "Server for nodejs"
89 error Changed: dist-tags.latest "0.0.1" -> "1.0.0"
89 error Added: versions.1.0.0
89 error Changed: time.modified "2013-05-28T20:24:36.400Z" -> "2013-06-06T15:37:55.573Z"
89 error Added: time.1.0.0
89 error Changed: author.name "Pierre Inglebert" -> "anoop"
89 error Added: author.email
89 error Changed: repository.url "" -> "https://github.com/anoopchaurasia/starter": starter/1.0.0/-tag/latest
89 error     at RegClient.<anonymous> (C:\Program Files\nodejs\node_modules\npm\node_modules\npm-registry-client\lib\request.js:259:14)
89 error     at Request.init.self.callback (C:\Program Files\nodejs\node_modules\npm\node_modules\request\main.js:120:22)
89 error     at Request.EventEmitter.emit (events.js:96:17)
89 error     at Request.<anonymous> (C:\Program Files\nodejs\node_modules\npm\node_modules\request\main.js:648:16)
89 error     at Request.EventEmitter.emit (events.js:123:20)
89 error     at IncomingMessage.Request.start.self.req.self.httpModule.request.buffer (C:\Program Files\nodejs\node_modules\npm\node_modules\request\main.js:610:14)
89 error     at IncomingMessage.EventEmitter.emit (events.js:123:20)
89 error     at IncomingMessage._emitEnd (http.js:366:10)
89 error     at HTTPParser.parserOnMessageComplete [as onMessageComplete] (http.js:149:23)
89 error     at CleartextStream.socketOnData [as ondata] (http.js:1367:20)
90 error If you need help, you may report this log at:
90 error     <http://github.com/isaacs/npm/issues>
90 error or email it to:
90 error     <npm-@googlegroups.com>
91 error System Windows_NT 6.2.9200
92 error command "C:\\Program Files\\nodejs\\\\node.exe" "C:\\Program Files\\nodejs\\node_modules\\npm\\bin\\npm-cli.js" "publish"
93 error cwd D:\workspace\starter
94 error node -v v0.8.12
95 error npm -v 1.1.63
96 verbose exit [ 1, true ]
